2025-06-10 08:16:28,669 - INFO - 🚀 SISTEMA DE AUTOMATIZACIÓN 7x/DÍA INICIADO
2025-06-10 08:16:28,669 - INFO - Horarios programados: ['07:00', '10:00', '13:00', '16:00', '19:00', '22:00', '01:00']
2025-06-10 08:16:28,669 - INFO - 🤖 INICIANDO CICLO DE AUTOMATIZACIÓN
2025-06-10 08:16:28,680 - INFO - Encontrados 47 archivos nuevos
2025-06-10 08:16:28,681 - INFO - Procesando 47 archivos nuevos
2025-06-10 08:16:39,415 - INFO - Procesamiento completado exitosamente
2025-06-10 08:16:40,116 - INFO - Dashboard actualizado exitosamente
2025-06-10 08:16:40,254 - INFO - Backup de memoria completado
2025-06-10 08:16:40,255 - INFO - ✅ CICLO DE AUTOMATIZACIÓN COMPLETADO
2025-06-10 08:16:58,276 - INFO - 🚀 SISTEMA DE AUTOMATIZACIÓN 7x/DÍA INICIADO
2025-06-10 08:16:58,277 - INFO - Horarios programados: ['07:00', '10:00', '13:00', '16:00', '19:00', '22:00', '01:00']
2025-06-10 08:16:58,277 - INFO - 🤖 INICIANDO CICLO DE AUTOMATIZACIÓN
2025-06-10 08:16:58,287 - INFO - Encontrados 47 archivos nuevos
2025-06-10 08:16:58,287 - INFO - Procesando 47 archivos nuevos
2025-06-10 08:16:59,371 - INFO - Procesamiento completado exitosamente
2025-06-10 08:17:00,091 - INFO - Dashboard actualizado exitosamente
2025-06-10 08:17:00,234 - INFO - Backup de memoria completado
2025-06-10 08:17:00,234 - INFO - ✅ CICLO DE AUTOMATIZACIÓN COMPLETADO
2025-06-10 08:17:24,015 - INFO - 🚀 SISTEMA DE AUTOMATIZACIÓN 7x/DÍA INICIADO
2025-06-10 08:17:24,016 - INFO - Horarios programados: ['07:00', '10:00', '13:00', '16:00', '19:00', '22:00', '01:00']
2025-06-10 08:17:24,016 - INFO - 🤖 INICIANDO CICLO DE AUTOMATIZACIÓN
2025-06-10 08:17:24,026 - INFO - Encontrados 47 archivos nuevos
2025-06-10 08:17:24,026 - INFO - Procesando 47 archivos nuevos
2025-06-10 08:17:25,093 - INFO - Procesamiento completado exitosamente
2025-06-10 08:17:25,807 - INFO - Dashboard actualizado exitosamente
2025-06-10 08:17:25,958 - INFO - Backup de memoria completado
2025-06-10 08:17:25,958 - INFO - ✅ CICLO DE AUTOMATIZACIÓN COMPLETADO
2025-06-10 08:17:35,263 - INFO - 🚀 SISTEMA DE AUTOMATIZACIÓN 7x/DÍA INICIADO
2025-06-10 08:17:35,263 - INFO - Horarios programados: ['07:00', '10:00', '13:00', '16:00', '19:00', '22:00', '01:00']
2025-06-10 08:17:35,263 - INFO - 🤖 INICIANDO CICLO DE AUTOMATIZACIÓN
2025-06-10 08:17:35,273 - INFO - Encontrados 47 archivos nuevos
2025-06-10 08:17:35,273 - INFO - Procesando 47 archivos nuevos
2025-06-10 08:17:35,981 - INFO - Procesamiento completado exitosamente
2025-06-10 08:17:36,664 - INFO - Dashboard actualizado exitosamente
2025-06-10 08:17:36,803 - INFO - Backup de memoria completado
2025-06-10 08:17:36,821 - INFO - ✅ CICLO DE AUTOMATIZACIÓN COMPLETADO
2025-06-10 08:17:39,730 - INFO - 🚀 SISTEMA DE AUTOMATIZACIÓN 7x/DÍA INICIADO
2025-06-10 08:17:39,730 - INFO - Horarios programados: ['07:00', '10:00', '13:00', '16:00', '19:00', '22:00', '01:00']
2025-06-10 08:17:39,730 - INFO - 🤖 INICIANDO CICLO DE AUTOMATIZACIÓN
2025-06-10 08:17:39,740 - INFO - Encontrados 47 archivos nuevos
2025-06-10 08:17:39,740 - INFO - Procesando 47 archivos nuevos
2025-06-10 08:17:40,473 - INFO - Procesamiento completado exitosamente
2025-06-10 08:17:41,191 - INFO - Dashboard actualizado exitosamente
2025-06-10 08:17:41,331 - INFO - Backup de memoria completado
2025-06-10 08:17:41,332 - INFO - ✅ CICLO DE AUTOMATIZACIÓN COMPLETADO
2025-06-10 08:17:45,414 - INFO - 🚀 SISTEMA DE AUTOMATIZACIÓN 7x/DÍA INICIADO
2025-06-10 08:17:45,414 - INFO - Horarios programados: ['07:00', '10:00', '13:00', '16:00', '19:00', '22:00', '01:00']
2025-06-10 08:17:45,414 - INFO - 🤖 INICIANDO CICLO DE AUTOMATIZACIÓN
2025-06-10 08:17:45,423 - INFO - Encontrados 47 archivos nuevos
2025-06-10 08:17:45,424 - INFO - Procesando 47 archivos nuevos
2025-06-10 08:17:46,138 - INFO - Procesamiento completado exitosamente
2025-06-10 08:17:46,829 - INFO - Dashboard actualizado exitosamente
2025-06-10 08:17:46,963 - INFO - Backup de memoria completado
2025-06-10 08:17:46,963 - INFO - ✅ CICLO DE AUTOMATIZACIÓN COMPLETADO
2025-06-10 08:25:12,972 - INFO - 🚀 SISTEMA DE AUTOMATIZACIÓN 7x/DÍA INICIADO
2025-06-10 08:25:12,972 - INFO - Horarios programados: ['07:00', '10:00', '13:00', '16:00', '19:00', '22:00', '01:00']
2025-06-10 08:25:12,972 - INFO - Modo testing - ejecutando cada 30 segundos
2025-06-10 08:25:12,973 - INFO - 🤖 INICIANDO CICLO DE AUTOMATIZACIÓN
2025-06-10 08:25:12,983 - INFO - Encontrados 47 archivos nuevos
2025-06-10 08:25:12,983 - INFO - Procesando 47 archivos nuevos
2025-06-10 08:25:14,105 - INFO - Procesamiento completado exitosamente
2025-06-10 08:25:14,827 - INFO - Dashboard actualizado exitosamente
2025-06-10 08:25:14,967 - INFO - Backup de memoria completado
2025-06-10 08:25:14,968 - INFO - ✅ CICLO DE AUTOMATIZACIÓN COMPLETADO
2025-06-10 08:25:44,971 - INFO - 🤖 INICIANDO CICLO DE AUTOMATIZACIÓN
2025-06-10 08:25:44,980 - INFO - Encontrados 0 archivos nuevos
2025-06-10 08:25:45,705 - INFO - Dashboard actualizado exitosamente
2025-06-10 08:25:45,839 - INFO - Backup de memoria completado
2025-06-10 08:25:45,840 - INFO - ✅ CICLO DE AUTOMATIZACIÓN COMPLETADO
2025-06-10 08:26:15,844 - INFO - 🤖 INICIANDO CICLO DE AUTOMATIZACIÓN
2025-06-10 08:26:15,855 - INFO - Encontrados 0 archivos nuevos
2025-06-10 08:26:16,626 - INFO - Dashboard actualizado exitosamente
2025-06-10 08:26:16,767 - INFO - Backup de memoria completado
2025-06-10 08:26:16,767 - INFO - ✅ CICLO DE AUTOMATIZACIÓN COMPLETADO
2025-06-10 08:26:46,768 - INFO - 🤖 INICIANDO CICLO DE AUTOMATIZACIÓN
2025-06-10 08:26:46,777 - INFO - Encontrados 0 archivos nuevos
2025-06-10 08:26:47,551 - INFO - Dashboard actualizado exitosamente
2025-06-10 08:26:47,783 - INFO - Backup de memoria completado
2025-06-10 08:26:47,783 - INFO - ✅ CICLO DE AUTOMATIZACIÓN COMPLETADO
2025-06-10 08:27:17,786 - INFO - 🤖 INICIANDO CICLO DE AUTOMATIZACIÓN
2025-06-10 08:27:17,796 - INFO - Encontrados 0 archivos nuevos
2025-06-10 08:27:18,510 - INFO - Dashboard actualizado exitosamente
2025-06-10 08:27:18,644 - INFO - Backup de memoria completado
2025-06-10 08:27:18,645 - INFO - ✅ CICLO DE AUTOMATIZACIÓN COMPLETADO
2025-06-10 08:27:48,650 - INFO - 🤖 INICIANDO CICLO DE AUTOMATIZACIÓN
2025-06-10 08:27:48,661 - INFO - Encontrados 0 archivos nuevos
2025-06-10 08:27:49,608 - INFO - Dashboard actualizado exitosamente
2025-06-10 08:27:49,784 - INFO - Backup de memoria completado
2025-06-10 08:27:49,785 - INFO - ✅ CICLO DE AUTOMATIZACIÓN COMPLETADO
2025-06-10 08:28:19,789 - INFO - 🤖 INICIANDO CICLO DE AUTOMATIZACIÓN
2025-06-10 08:28:19,800 - INFO - Encontrados 0 archivos nuevos
2025-06-10 08:28:20,886 - INFO - Dashboard actualizado exitosamente
2025-06-10 08:28:21,037 - INFO - Backup de memoria completado
2025-06-10 08:28:21,037 - INFO - ✅ CICLO DE AUTOMATIZACIÓN COMPLETADO
2025-06-10 08:28:51,041 - INFO - 🤖 INICIANDO CICLO DE AUTOMATIZACIÓN
2025-06-10 08:28:51,051 - INFO - Encontrados 0 archivos nuevos
2025-06-10 08:28:52,136 - INFO - Dashboard actualizado exitosamente
2025-06-10 08:28:52,288 - INFO - Backup de memoria completado
2025-06-10 08:28:52,288 - INFO - ✅ CICLO DE AUTOMATIZACIÓN COMPLETADO
2025-06-10 08:29:22,289 - INFO - 🤖 INICIANDO CICLO DE AUTOMATIZACIÓN
2025-06-10 08:29:22,301 - INFO - Encontrados 0 archivos nuevos
2025-06-10 08:29:23,429 - INFO - Dashboard actualizado exitosamente
2025-06-10 08:29:23,573 - INFO - Backup de memoria completado
2025-06-10 08:29:23,573 - INFO - ✅ CICLO DE AUTOMATIZACIÓN COMPLETADO
2025-06-10 08:29:53,578 - INFO - 🤖 INICIANDO CICLO DE AUTOMATIZACIÓN
2025-06-10 08:29:53,589 - INFO - Encontrados 0 archivos nuevos
2025-06-10 08:29:54,624 - INFO - Dashboard actualizado exitosamente
2025-06-10 08:29:54,771 - INFO - Backup de memoria completado
2025-06-10 08:29:54,771 - INFO - ✅ CICLO DE AUTOMATIZACIÓN COMPLETADO
2025-06-10 08:30:24,772 - INFO - 🤖 INICIANDO CICLO DE AUTOMATIZACIÓN
2025-06-10 08:30:24,783 - INFO - Encontrados 0 archivos nuevos
2025-06-10 08:30:25,775 - INFO - Dashboard actualizado exitosamente
2025-06-10 08:30:25,918 - INFO - Backup de memoria completado
2025-06-10 08:30:25,918 - INFO - ✅ CICLO DE AUTOMATIZACIÓN COMPLETADO
2025-06-10 08:30:55,922 - INFO - 🤖 INICIANDO CICLO DE AUTOMATIZACIÓN
2025-06-10 08:30:55,932 - INFO - Encontrados 0 archivos nuevos
2025-06-10 08:30:57,060 - INFO - Dashboard actualizado exitosamente
2025-06-10 08:30:57,208 - INFO - Backup de memoria completado
2025-06-10 08:30:57,208 - INFO - ✅ CICLO DE AUTOMATIZACIÓN COMPLETADO
2025-06-10 13:00:00,385 - INFO - 🚀 SISTEMA DE AUTOMATIZACIÓN 7x/DÍA INICIADO
2025-06-10 13:00:00,386 - INFO - Horarios programados: ['07:00', '10:00', '13:00', '16:00', '19:00', '22:00', '01:00']
2025-06-10 13:00:00,386 - INFO - 🤖 INICIANDO CICLO DE AUTOMATIZACIÓN
2025-06-10 13:00:00,402 - INFO - Encontrados 47 archivos nuevos
2025-06-10 13:00:00,403 - INFO - Procesando 47 archivos nuevos
2025-06-10 13:00:07,877 - INFO - Procesamiento completado exitosamente
2025-06-10 13:00:08,842 - INFO - Dashboard actualizado exitosamente
2025-06-10 13:00:09,648 - INFO - Backup de memoria completado
2025-06-10 13:00:09,648 - INFO - ✅ CICLO DE AUTOMATIZACIÓN COMPLETADO
2025-06-10 13:08:07,273 - INFO - 🚀 SISTEMA DE AUTOMATIZACIÓN 7x/DÍA INICIADO
2025-06-10 13:08:07,273 - INFO - Horarios programados: ['07:00', '10:00', '13:00', '16:00', '19:00', '22:00', '01:00']
2025-06-10 13:08:07,273 - INFO - 🤖 INICIANDO CICLO DE AUTOMATIZACIÓN
2025-06-10 13:08:07,282 - INFO - Encontrados 47 archivos nuevos
2025-06-10 13:08:07,283 - INFO - Procesando 47 archivos nuevos
2025-06-10 13:08:08,251 - INFO - Procesamiento completado exitosamente
2025-06-10 13:08:08,738 - INFO - Dashboard actualizado exitosamente
2025-06-10 13:08:08,866 - INFO - Backup de memoria completado
2025-06-10 13:08:08,866 - INFO - ✅ CICLO DE AUTOMATIZACIÓN COMPLETADO
2025-06-10 13:08:49,462 - INFO - 🚀 SISTEMA DE AUTOMATIZACIÓN 7x/DÍA INICIADO
2025-06-10 13:08:49,462 - INFO - Horarios programados: ['07:00', '10:00', '13:00', '16:00', '19:00', '22:00', '01:00']
2025-06-10 13:08:49,462 - INFO - 🤖 INICIANDO CICLO DE AUTOMATIZACIÓN
2025-06-10 13:08:49,470 - INFO - Encontrados 47 archivos nuevos
2025-06-10 13:08:49,470 - INFO - Procesando 47 archivos nuevos
2025-06-10 13:08:49,964 - INFO - Procesamiento completado exitosamente
2025-06-10 13:08:50,456 - INFO - Dashboard actualizado exitosamente
2025-06-10 13:08:50,566 - INFO - Backup de memoria completado
2025-06-10 13:08:50,566 - INFO - ✅ CICLO DE AUTOMATIZACIÓN COMPLETADO
2025-06-10 13:39:17,910 - INFO - 🚀 SISTEMA DE AUTOMATIZACIÓN 7x/DÍA INICIADO
2025-06-10 13:39:17,911 - INFO - Horarios programados: ['07:00', '10:00', '13:00', '16:00', '19:00', '22:00', '01:00']
2025-06-10 13:39:17,911 - INFO - 🤖 INICIANDO CICLO DE AUTOMATIZACIÓN
2025-06-10 13:39:17,922 - INFO - Encontrados 90 archivos nuevos
2025-06-10 13:39:17,923 - INFO - Procesando 90 archivos nuevos
2025-06-10 13:39:18,825 - INFO - Procesamiento completado exitosamente
2025-06-10 13:39:19,308 - INFO - Dashboard actualizado exitosamente
2025-06-10 13:39:19,444 - INFO - Backup de memoria completado
2025-06-10 13:39:19,444 - INFO - ✅ CICLO DE AUTOMATIZACIÓN COMPLETADO
2025-06-10 13:39:34,755 - INFO - 🚀 SISTEMA DE AUTOMATIZACIÓN 7x/DÍA INICIADO
2025-06-10 13:39:34,755 - INFO - Horarios programados: ['07:00', '10:00', '13:00', '16:00', '19:00', '22:00', '01:00']
2025-06-10 13:39:34,755 - INFO - 🤖 INICIANDO CICLO DE AUTOMATIZACIÓN
2025-06-10 13:39:34,764 - INFO - Encontrados 90 archivos nuevos
2025-06-10 13:39:34,764 - INFO - Procesando 90 archivos nuevos
2025-06-10 13:39:35,334 - INFO - Procesamiento completado exitosamente
2025-06-10 13:39:35,856 - INFO - Dashboard actualizado exitosamente
2025-06-10 13:39:35,983 - INFO - Backup de memoria completado
2025-06-10 13:39:35,984 - INFO - ✅ CICLO DE AUTOMATIZACIÓN COMPLETADO
2025-06-10 13:45:23,468 - INFO - 🚀 SISTEMA DE AUTOMATIZACIÓN 7x/DÍA INICIADO
2025-06-10 13:45:23,469 - INFO - Horarios programados: ['07:00', '10:00', '13:00', '16:00', '19:00', '22:00', '01:00']
2025-06-10 13:45:23,469 - INFO - 🤖 INICIANDO CICLO DE AUTOMATIZACIÓN
2025-06-10 13:45:23,478 - INFO - Encontrados 90 archivos nuevos
2025-06-10 13:45:23,478 - INFO - Procesando 90 archivos nuevos
2025-06-10 13:45:24,300 - INFO - Procesamiento completado exitosamente
2025-06-10 13:45:24,771 - INFO - Dashboard actualizado exitosamente
2025-06-10 13:45:24,881 - INFO - Backup de memoria completado
2025-06-10 13:45:24,881 - INFO - ✅ CICLO DE AUTOMATIZACIÓN COMPLETADO
2025-06-10 13:45:41,221 - INFO - 🚀 SISTEMA DE AUTOMATIZACIÓN 7x/DÍA INICIADO
2025-06-10 13:45:41,221 - INFO - Horarios programados: ['07:00', '10:00', '13:00', '16:00', '19:00', '22:00', '01:00']
2025-06-10 13:45:41,221 - INFO - 🤖 INICIANDO CICLO DE AUTOMATIZACIÓN
2025-06-10 13:45:41,230 - INFO - Encontrados 90 archivos nuevos
2025-06-10 13:45:41,230 - INFO - Procesando 90 archivos nuevos
2025-06-10 13:45:42,016 - INFO - Procesamiento completado exitosamente
2025-06-10 13:45:42,540 - INFO - Dashboard actualizado exitosamente
2025-06-10 13:45:42,662 - INFO - Backup de memoria completado
2025-06-10 13:45:42,663 - INFO - ✅ CICLO DE AUTOMATIZACIÓN COMPLETADO
2025-06-10 13:45:54,824 - INFO - 🚀 SISTEMA DE AUTOMATIZACIÓN 7x/DÍA INICIADO
2025-06-10 13:45:54,824 - INFO - Horarios programados: ['07:00', '10:00', '13:00', '16:00', '19:00', '22:00', '01:00']
2025-06-10 13:45:54,824 - INFO - 🤖 INICIANDO CICLO DE AUTOMATIZACIÓN
2025-06-10 13:45:54,833 - INFO - Encontrados 90 archivos nuevos
2025-06-10 13:45:54,833 - INFO - Procesando 90 archivos nuevos
2025-06-10 13:45:55,425 - INFO - Procesamiento completado exitosamente
2025-06-10 13:45:55,911 - INFO - Dashboard actualizado exitosamente
2025-06-10 13:45:56,025 - INFO - Backup de memoria completado
2025-06-10 13:45:56,025 - INFO - ✅ CICLO DE AUTOMATIZACIÓN COMPLETADO
2025-06-10 13:45:59,221 - INFO - 🚀 SISTEMA DE AUTOMATIZACIÓN 7x/DÍA INICIADO
2025-06-10 13:45:59,221 - INFO - Horarios programados: ['07:00', '10:00', '13:00', '16:00', '19:00', '22:00', '01:00']
2025-06-10 13:45:59,221 - INFO - 🤖 INICIANDO CICLO DE AUTOMATIZACIÓN
2025-06-10 13:45:59,232 - INFO - Encontrados 90 archivos nuevos
2025-06-10 13:45:59,250 - INFO - Procesando 90 archivos nuevos
2025-06-10 13:45:59,746 - INFO - Procesamiento completado exitosamente
2025-06-10 13:46:00,208 - INFO - Dashboard actualizado exitosamente
2025-06-10 13:46:00,316 - INFO - Backup de memoria completado
2025-06-10 13:46:00,316 - INFO - ✅ CICLO DE AUTOMATIZACIÓN COMPLETADO
2025-06-10 13:52:18,504 - INFO - 🚀 SISTEMA DE AUTOMATIZACIÓN 7x/DÍA INICIADO
2025-06-10 13:52:18,505 - INFO - Horarios programados: ['07:00', '10:00', '13:00', '16:00', '19:00', '22:00', '01:00']
2025-06-10 13:52:18,505 - INFO - 🤖 INICIANDO CICLO DE AUTOMATIZACIÓN
2025-06-10 13:52:18,516 - INFO - Encontrados 90 archivos nuevos
2025-06-10 13:52:18,516 - INFO - Procesando 90 archivos nuevos
2025-06-10 13:52:19,374 - INFO - Procesamiento completado exitosamente
2025-06-10 13:52:19,855 - INFO - Dashboard actualizado exitosamente
2025-06-10 13:52:19,985 - INFO - Backup de memoria completado
2025-06-10 13:52:19,985 - INFO - ✅ CICLO DE AUTOMATIZACIÓN COMPLETADO
2025-06-10 13:52:36,074 - INFO - 🚀 SISTEMA DE AUTOMATIZACIÓN 7x/DÍA INICIADO
2025-06-10 13:52:36,074 - INFO - Horarios programados: ['07:00', '10:00', '13:00', '16:00', '19:00', '22:00', '01:00']
2025-06-10 13:52:36,075 - INFO - 🤖 INICIANDO CICLO DE AUTOMATIZACIÓN
2025-06-10 13:52:36,084 - INFO - Encontrados 90 archivos nuevos
2025-06-10 13:52:36,084 - INFO - Procesando 90 archivos nuevos
2025-06-10 13:52:37,013 - INFO - Procesamiento completado exitosamente
2025-06-10 13:52:37,540 - INFO - Dashboard actualizado exitosamente
2025-06-10 13:52:37,666 - INFO - Backup de memoria completado
2025-06-10 13:52:37,666 - INFO - ✅ CICLO DE AUTOMATIZACIÓN COMPLETADO
2025-06-10 13:52:59,854 - INFO - 🚀 SISTEMA DE AUTOMATIZACIÓN 7x/DÍA INICIADO
2025-06-10 13:52:59,854 - INFO - Horarios programados: ['07:00', '10:00', '13:00', '16:00', '19:00', '22:00', '01:00']
2025-06-10 13:52:59,854 - INFO - 🤖 INICIANDO CICLO DE AUTOMATIZACIÓN
2025-06-10 13:52:59,864 - INFO - Encontrados 90 archivos nuevos
2025-06-10 13:52:59,864 - INFO - Procesando 90 archivos nuevos
2025-06-10 13:53:00,354 - INFO - Procesamiento completado exitosamente
2025-06-10 13:53:00,822 - INFO - Dashboard actualizado exitosamente
2025-06-10 13:53:00,934 - INFO - Backup de memoria completado
2025-06-10 13:53:00,935 - INFO - ✅ CICLO DE AUTOMATIZACIÓN COMPLETADO
2025-06-10 13:53:03,320 - INFO - 🚀 SISTEMA DE AUTOMATIZACIÓN 7x/DÍA INICIADO
2025-06-10 13:53:03,320 - INFO - Horarios programados: ['07:00', '10:00', '13:00', '16:00', '19:00', '22:00', '01:00']
2025-06-10 13:53:03,320 - INFO - 🤖 INICIANDO CICLO DE AUTOMATIZACIÓN
2025-06-10 13:53:03,330 - INFO - Encontrados 90 archivos nuevos
2025-06-10 13:53:03,330 - INFO - Procesando 90 archivos nuevos
2025-06-10 13:53:03,870 - INFO - Procesamiento completado exitosamente
2025-06-10 13:53:04,362 - INFO - Dashboard actualizado exitosamente
2025-06-10 13:53:04,477 - INFO - Backup de memoria completado
2025-06-10 13:53:04,477 - INFO - ✅ CICLO DE AUTOMATIZACIÓN COMPLETADO
2025-06-10 14:02:01,782 - INFO - 🚀 SISTEMA DE AUTOMATIZACIÓN 7x/DÍA INICIADO
2025-06-10 14:02:01,783 - INFO - Horarios programados: ['07:00', '10:00', '13:00', '16:00', '19:00', '22:00', '01:00']
2025-06-10 14:02:01,783 - INFO - Modo testing - ejecutando cada 30 segundos
2025-06-10 14:02:01,783 - INFO - 🤖 INICIANDO CICLO DE AUTOMATIZACIÓN
2025-06-10 14:02:01,791 - INFO - Encontrados 90 archivos nuevos
2025-06-10 14:02:01,791 - INFO - Procesando 90 archivos nuevos
2025-06-10 14:02:02,559 - INFO - Procesamiento completado exitosamente
2025-06-10 14:02:03,102 - INFO - Dashboard actualizado exitosamente
2025-06-10 14:02:03,238 - INFO - Backup de memoria completado
2025-06-10 14:02:03,255 - INFO - ✅ CICLO DE AUTOMATIZACIÓN COMPLETADO
2025-06-10 14:02:33,255 - INFO - 🤖 INICIANDO CICLO DE AUTOMATIZACIÓN
2025-06-10 14:02:33,265 - INFO - Encontrados 0 archivos nuevos
2025-06-10 14:02:33,986 - INFO - Dashboard actualizado exitosamente
2025-06-10 14:02:34,114 - INFO - Backup de memoria completado
2025-06-10 14:02:34,114 - INFO - ✅ CICLO DE AUTOMATIZACIÓN COMPLETADO
2025-06-10 14:03:04,119 - INFO - 🤖 INICIANDO CICLO DE AUTOMATIZACIÓN
2025-06-10 14:03:04,130 - INFO - Encontrados 0 archivos nuevos
2025-06-10 14:03:05,070 - INFO - Dashboard actualizado exitosamente
2025-06-10 14:03:05,193 - INFO - Backup de memoria completado
2025-06-10 14:03:05,194 - INFO - ✅ CICLO DE AUTOMATIZACIÓN COMPLETADO
2025-06-10 14:03:35,199 - INFO - 🤖 INICIANDO CICLO DE AUTOMATIZACIÓN
2025-06-10 14:03:35,207 - INFO - Encontrados 0 archivos nuevos
2025-06-10 14:03:35,953 - INFO - Dashboard actualizado exitosamente
2025-06-10 14:03:36,060 - INFO - Backup de memoria completado
2025-06-10 14:03:36,060 - INFO - ✅ CICLO DE AUTOMATIZACIÓN COMPLETADO
2025-06-10 14:04:06,062 - INFO - 🤖 INICIANDO CICLO DE AUTOMATIZACIÓN
2025-06-10 14:04:06,073 - INFO - Encontrados 0 archivos nuevos
2025-06-10 14:04:07,018 - INFO - Dashboard actualizado exitosamente
2025-06-10 14:04:07,194 - INFO - Backup de memoria completado
2025-06-10 14:04:07,194 - INFO - ✅ CICLO DE AUTOMATIZACIÓN COMPLETADO
2025-06-10 14:04:37,196 - INFO - 🤖 INICIANDO CICLO DE AUTOMATIZACIÓN
2025-06-10 14:04:37,208 - INFO - Encontrados 0 archivos nuevos
2025-06-10 14:04:37,855 - INFO - Dashboard actualizado exitosamente
2025-06-10 14:04:37,972 - INFO - Backup de memoria completado
2025-06-10 14:04:37,972 - INFO - ✅ CICLO DE AUTOMATIZACIÓN COMPLETADO
2025-06-10 14:05:07,977 - INFO - 🤖 INICIANDO CICLO DE AUTOMATIZACIÓN
2025-06-10 14:05:07,986 - INFO - Encontrados 26 archivos nuevos
2025-06-10 14:05:07,986 - INFO - Procesando 26 archivos nuevos
2025-06-10 14:05:08,560 - INFO - Procesamiento completado exitosamente
2025-06-10 14:05:09,097 - INFO - Dashboard actualizado exitosamente
2025-06-10 14:05:09,217 - INFO - Backup de memoria completado
2025-06-10 14:05:09,217 - INFO - ✅ CICLO DE AUTOMATIZACIÓN COMPLETADO
2025-06-10 14:05:39,223 - INFO - 🤖 INICIANDO CICLO DE AUTOMATIZACIÓN
2025-06-10 14:05:39,234 - INFO - Encontrados 34 archivos nuevos
2025-06-10 14:05:39,234 - INFO - Procesando 34 archivos nuevos
2025-06-10 14:05:39,784 - INFO - Procesamiento completado exitosamente
2025-06-10 14:05:40,326 - INFO - Dashboard actualizado exitosamente
2025-06-10 14:05:40,445 - INFO - Backup de memoria completado
2025-06-10 14:05:40,445 - INFO - ✅ CICLO DE AUTOMATIZACIÓN COMPLETADO
2025-06-10 14:06:10,450 - INFO - 🤖 INICIANDO CICLO DE AUTOMATIZACIÓN
2025-06-10 14:06:10,464 - INFO - Encontrados 0 archivos nuevos
2025-06-10 14:06:11,051 - INFO - Dashboard actualizado exitosamente
2025-06-10 14:06:11,184 - INFO - Backup de memoria completado
2025-06-10 14:06:11,184 - INFO - ✅ CICLO DE AUTOMATIZACIÓN COMPLETADO
2025-06-10 14:06:41,187 - INFO - 🤖 INICIANDO CICLO DE AUTOMATIZACIÓN
2025-06-10 14:06:41,200 - INFO - Encontrados 0 archivos nuevos
2025-06-10 14:06:41,769 - INFO - Dashboard actualizado exitosamente
2025-06-10 14:06:41,895 - INFO - Backup de memoria completado
2025-06-10 14:06:41,895 - INFO - ✅ CICLO DE AUTOMATIZACIÓN COMPLETADO
2025-06-10 14:07:11,896 - INFO - 🤖 INICIANDO CICLO DE AUTOMATIZACIÓN
2025-06-10 14:07:11,910 - INFO - Encontrados 0 archivos nuevos
2025-06-10 14:07:12,491 - INFO - Dashboard actualizado exitosamente
2025-06-10 14:07:12,629 - INFO - Backup de memoria completado
2025-06-10 14:07:12,629 - INFO - ✅ CICLO DE AUTOMATIZACIÓN COMPLETADO
2025-06-10 14:07:42,633 - INFO - 🤖 INICIANDO CICLO DE AUTOMATIZACIÓN
2025-06-10 14:07:42,644 - INFO - Encontrados 3 archivos nuevos
2025-06-10 14:07:42,644 - INFO - Procesando 3 archivos nuevos
2025-06-10 14:07:43,164 - INFO - Procesamiento completado exitosamente
2025-06-10 14:07:43,641 - INFO - Dashboard actualizado exitosamente
2025-06-10 14:07:43,757 - INFO - Backup de memoria completado
2025-06-10 14:07:43,758 - INFO - ✅ CICLO DE AUTOMATIZACIÓN COMPLETADO
2025-06-10 14:08:13,764 - INFO - 🤖 INICIANDO CICLO DE AUTOMATIZACIÓN
2025-06-10 14:08:13,777 - INFO - Encontrados 3 archivos nuevos
2025-06-10 14:08:13,777 - INFO - Procesando 3 archivos nuevos
2025-06-10 14:08:14,271 - INFO - Procesamiento completado exitosamente
2025-06-10 14:08:14,745 - INFO - Dashboard actualizado exitosamente
2025-06-10 14:08:14,855 - INFO - Backup de memoria completado
2025-06-10 14:08:14,856 - INFO - ✅ CICLO DE AUTOMATIZACIÓN COMPLETADO
2025-06-10 14:08:44,862 - INFO - 🤖 INICIANDO CICLO DE AUTOMATIZACIÓN
2025-06-10 14:08:44,875 - INFO - Encontrados 0 archivos nuevos
2025-06-10 14:08:45,424 - INFO - Dashboard actualizado exitosamente
2025-06-10 14:08:45,551 - INFO - Backup de memoria completado
2025-06-10 14:08:45,551 - INFO - ✅ CICLO DE AUTOMATIZACIÓN COMPLETADO
2025-06-10 14:09:15,554 - INFO - 🤖 INICIANDO CICLO DE AUTOMATIZACIÓN
2025-06-10 14:09:15,567 - INFO - Encontrados 0 archivos nuevos
2025-06-10 14:09:16,115 - INFO - Dashboard actualizado exitosamente
2025-06-10 14:09:16,250 - INFO - Backup de memoria completado
2025-06-10 14:09:16,250 - INFO - ✅ CICLO DE AUTOMATIZACIÓN COMPLETADO
2025-06-10 14:09:46,255 - INFO - 🤖 INICIANDO CICLO DE AUTOMATIZACIÓN
2025-06-10 14:09:46,267 - INFO - Encontrados 0 archivos nuevos
2025-06-10 14:09:46,809 - INFO - Dashboard actualizado exitosamente
2025-06-10 14:09:46,918 - INFO - Backup de memoria completado
2025-06-10 14:09:46,918 - INFO - ✅ CICLO DE AUTOMATIZACIÓN COMPLETADO
2025-06-10 14:10:16,923 - INFO - 🤖 INICIANDO CICLO DE AUTOMATIZACIÓN
2025-06-10 14:10:16,937 - INFO - Encontrados 9 archivos nuevos
2025-06-10 14:10:16,937 - INFO - Procesando 9 archivos nuevos
2025-06-10 14:10:17,467 - INFO - Procesamiento completado exitosamente
2025-06-10 14:10:18,017 - INFO - Dashboard actualizado exitosamente
2025-06-10 14:10:18,128 - INFO - Backup de memoria completado
2025-06-10 14:10:18,129 - INFO - ✅ CICLO DE AUTOMATIZACIÓN COMPLETADO
2025-06-10 14:10:48,134 - INFO - 🤖 INICIANDO CICLO DE AUTOMATIZACIÓN
2025-06-10 14:10:48,148 - INFO - Encontrados 0 archivos nuevos
2025-06-10 14:10:48,669 - INFO - Dashboard actualizado exitosamente
2025-06-10 14:10:48,786 - INFO - Backup de memoria completado
2025-06-10 14:10:48,786 - INFO - ✅ CICLO DE AUTOMATIZACIÓN COMPLETADO
2025-06-10 14:11:18,791 - INFO - 🤖 INICIANDO CICLO DE AUTOMATIZACIÓN
2025-06-10 14:11:18,806 - INFO - Encontrados 0 archivos nuevos
2025-06-10 14:11:19,328 - INFO - Dashboard actualizado exitosamente
2025-06-10 14:11:19,440 - INFO - Backup de memoria completado
2025-06-10 14:11:19,441 - INFO - ✅ CICLO DE AUTOMATIZACIÓN COMPLETADO
2025-06-10 14:11:49,444 - INFO - 🤖 INICIANDO CICLO DE AUTOMATIZACIÓN
2025-06-10 14:11:49,458 - INFO - Encontrados 0 archivos nuevos
2025-06-10 14:11:50,013 - INFO - Dashboard actualizado exitosamente
2025-06-10 14:11:50,135 - INFO - Backup de memoria completado
2025-06-10 14:11:50,135 - INFO - ✅ CICLO DE AUTOMATIZACIÓN COMPLETADO
2025-06-10 14:12:20,141 - INFO - 🤖 INICIANDO CICLO DE AUTOMATIZACIÓN
2025-06-10 14:12:20,155 - INFO - Encontrados 0 archivos nuevos
2025-06-10 14:12:21,029 - INFO - Dashboard actualizado exitosamente
2025-06-10 14:12:21,228 - INFO - Backup de memoria completado
2025-06-10 14:12:21,232 - INFO - ✅ CICLO DE AUTOMATIZACIÓN COMPLETADO
2025-06-10 14:12:51,234 - INFO - 🤖 INICIANDO CICLO DE AUTOMATIZACIÓN
2025-06-10 14:12:51,243 - INFO - Encontrados 0 archivos nuevos
2025-06-10 14:12:51,810 - INFO - Dashboard actualizado exitosamente
2025-06-10 14:12:51,940 - INFO - Backup de memoria completado
2025-06-10 14:12:51,941 - INFO - ✅ CICLO DE AUTOMATIZACIÓN COMPLETADO
2025-06-10 14:13:21,942 - INFO - 🤖 INICIANDO CICLO DE AUTOMATIZACIÓN
2025-06-10 14:13:21,956 - INFO - Encontrados 0 archivos nuevos
2025-06-10 14:13:22,639 - INFO - Dashboard actualizado exitosamente
2025-06-10 14:13:22,767 - INFO - Backup de memoria completado
2025-06-10 14:13:22,768 - INFO - ✅ CICLO DE AUTOMATIZACIÓN COMPLETADO
2025-06-10 14:13:52,772 - INFO - 🤖 INICIANDO CICLO DE AUTOMATIZACIÓN
2025-06-10 14:13:52,786 - INFO - Encontrados 0 archivos nuevos
2025-06-10 14:13:53,696 - INFO - Dashboard actualizado exitosamente
2025-06-10 14:13:53,822 - INFO - Backup de memoria completado
2025-06-10 14:13:53,822 - INFO - ✅ CICLO DE AUTOMATIZACIÓN COMPLETADO
2025-06-10 14:14:23,828 - INFO - 🤖 INICIANDO CICLO DE AUTOMATIZACIÓN
2025-06-10 14:14:23,841 - INFO - Encontrados 0 archivos nuevos
2025-06-10 14:14:24,344 - INFO - Dashboard actualizado exitosamente
2025-06-10 14:14:24,456 - INFO - Backup de memoria completado
2025-06-10 14:14:24,457 - INFO - ✅ CICLO DE AUTOMATIZACIÓN COMPLETADO
2025-06-10 14:14:54,460 - INFO - 🤖 INICIANDO CICLO DE AUTOMATIZACIÓN
2025-06-10 14:14:54,480 - INFO - Encontrados 0 archivos nuevos
2025-06-10 14:14:55,602 - INFO - Dashboard actualizado exitosamente
2025-06-10 14:14:55,751 - INFO - Backup de memoria completado
2025-06-10 14:14:55,751 - INFO - ✅ CICLO DE AUTOMATIZACIÓN COMPLETADO
2025-06-10 14:15:25,756 - INFO - 🤖 INICIANDO CICLO DE AUTOMATIZACIÓN
2025-06-10 14:15:25,765 - INFO - Encontrados 0 archivos nuevos
2025-06-10 14:15:26,249 - INFO - Dashboard actualizado exitosamente
2025-06-10 14:15:26,351 - INFO - Backup de memoria completado
2025-06-10 14:15:26,351 - INFO - ✅ CICLO DE AUTOMATIZACIÓN COMPLETADO
2025-06-10 14:15:56,356 - INFO - 🤖 INICIANDO CICLO DE AUTOMATIZACIÓN
2025-06-10 14:15:56,371 - INFO - Encontrados 0 archivos nuevos
2025-06-10 14:15:56,900 - INFO - Dashboard actualizado exitosamente
2025-06-10 14:15:57,012 - INFO - Backup de memoria completado
2025-06-10 14:15:57,012 - INFO - ✅ CICLO DE AUTOMATIZACIÓN COMPLETADO
2025-06-10 14:16:27,018 - INFO - 🤖 INICIANDO CICLO DE AUTOMATIZACIÓN
2025-06-10 14:16:27,033 - INFO - Encontrados 0 archivos nuevos
2025-06-10 14:16:27,931 - INFO - Dashboard actualizado exitosamente
2025-06-10 14:16:28,074 - INFO - Backup de memoria completado
2025-06-10 14:16:28,074 - INFO - ✅ CICLO DE AUTOMATIZACIÓN COMPLETADO
2025-06-10 14:16:58,075 - INFO - 🤖 INICIANDO CICLO DE AUTOMATIZACIÓN
2025-06-10 14:16:58,085 - INFO - Encontrados 0 archivos nuevos
2025-06-10 14:16:58,615 - INFO - Dashboard actualizado exitosamente
2025-06-10 14:16:58,735 - INFO - Backup de memoria completado
2025-06-10 14:16:58,736 - INFO - ✅ CICLO DE AUTOMATIZACIÓN COMPLETADO
2025-06-10 14:17:28,741 - INFO - 🤖 INICIANDO CICLO DE AUTOMATIZACIÓN
2025-06-10 14:17:28,753 - INFO - Encontrados 0 archivos nuevos
2025-06-10 14:17:29,268 - INFO - Dashboard actualizado exitosamente
2025-06-10 14:17:29,384 - INFO - Backup de memoria completado
2025-06-10 14:17:29,384 - INFO - ✅ CICLO DE AUTOMATIZACIÓN COMPLETADO
2025-06-10 14:17:59,386 - INFO - 🤖 INICIANDO CICLO DE AUTOMATIZACIÓN
2025-06-10 14:17:59,398 - INFO - Encontrados 0 archivos nuevos
2025-06-10 14:17:59,927 - INFO - Dashboard actualizado exitosamente
2025-06-10 14:18:00,047 - INFO - Backup de memoria completado
2025-06-10 14:18:00,047 - INFO - ✅ CICLO DE AUTOMATIZACIÓN COMPLETADO
2025-06-10 14:18:30,050 - INFO - 🤖 INICIANDO CICLO DE AUTOMATIZACIÓN
2025-06-10 14:18:30,059 - INFO - Encontrados 0 archivos nuevos
2025-06-10 14:18:30,859 - INFO - Dashboard actualizado exitosamente
2025-06-10 14:18:31,006 - INFO - Backup de memoria completado
2025-06-10 14:18:31,006 - INFO - ✅ CICLO DE AUTOMATIZACIÓN COMPLETADO
2025-06-10 14:19:01,011 - INFO - 🤖 INICIANDO CICLO DE AUTOMATIZACIÓN
2025-06-10 14:19:01,024 - INFO - Encontrados 0 archivos nuevos
2025-06-10 14:19:01,543 - INFO - Dashboard actualizado exitosamente
2025-06-10 14:19:01,651 - INFO - Backup de memoria completado
2025-06-10 14:19:01,651 - INFO - ✅ CICLO DE AUTOMATIZACIÓN COMPLETADO
2025-06-10 14:19:31,656 - INFO - 🤖 INICIANDO CICLO DE AUTOMATIZACIÓN
2025-06-10 14:19:31,669 - INFO - Encontrados 0 archivos nuevos
2025-06-10 14:19:32,579 - INFO - Dashboard actualizado exitosamente
2025-06-10 14:19:32,705 - INFO - Backup de memoria completado
2025-06-10 14:19:32,706 - INFO - ✅ CICLO DE AUTOMATIZACIÓN COMPLETADO
2025-06-10 14:20:02,712 - INFO - 🤖 INICIANDO CICLO DE AUTOMATIZACIÓN
2025-06-10 14:20:02,726 - INFO - Encontrados 0 archivos nuevos
2025-06-10 14:20:03,711 - INFO - Dashboard actualizado exitosamente
2025-06-10 14:20:03,845 - INFO - Backup de memoria completado
2025-06-10 14:20:03,845 - INFO - ✅ CICLO DE AUTOMATIZACIÓN COMPLETADO
2025-06-10 14:20:33,849 - INFO - 🤖 INICIANDO CICLO DE AUTOMATIZACIÓN
2025-06-10 14:20:33,862 - INFO - Encontrados 0 archivos nuevos
2025-06-10 14:20:34,764 - INFO - Dashboard actualizado exitosamente
2025-06-10 14:20:34,901 - INFO - Backup de memoria completado
2025-06-10 14:20:34,901 - INFO - ✅ CICLO DE AUTOMATIZACIÓN COMPLETADO
2025-06-10 14:21:04,895 - INFO - 🤖 INICIANDO CICLO DE AUTOMATIZACIÓN
2025-06-10 14:21:04,909 - INFO - Encontrados 0 archivos nuevos
2025-06-10 14:21:05,818 - INFO - Dashboard actualizado exitosamente
2025-06-10 14:21:05,946 - INFO - Backup de memoria completado
2025-06-10 14:21:05,946 - INFO - ✅ CICLO DE AUTOMATIZACIÓN COMPLETADO
2025-06-10 14:21:35,943 - INFO - 🤖 INICIANDO CICLO DE AUTOMATIZACIÓN
2025-06-10 14:21:35,957 - INFO - Encontrados 0 archivos nuevos
2025-06-10 14:21:36,755 - INFO - Dashboard actualizado exitosamente
2025-06-10 14:21:36,884 - INFO - Backup de memoria completado
2025-06-10 14:21:36,884 - INFO - ✅ CICLO DE AUTOMATIZACIÓN COMPLETADO
2025-06-10 14:22:06,887 - INFO - 🤖 INICIANDO CICLO DE AUTOMATIZACIÓN
2025-06-10 14:22:06,902 - INFO - Encontrados 0 archivos nuevos
2025-06-10 14:22:07,890 - INFO - Dashboard actualizado exitosamente
2025-06-10 14:22:08,008 - INFO - Backup de memoria completado
2025-06-10 14:22:08,009 - INFO - ✅ CICLO DE AUTOMATIZACIÓN COMPLETADO
2025-06-10 14:22:38,014 - INFO - 🤖 INICIANDO CICLO DE AUTOMATIZACIÓN
2025-06-10 14:22:38,023 - INFO - Encontrados 2 archivos nuevos
2025-06-10 14:22:38,024 - INFO - Procesando 2 archivos nuevos
2025-06-10 14:22:38,888 - INFO - Procesamiento completado exitosamente
2025-06-10 14:22:39,508 - INFO - Dashboard actualizado exitosamente
2025-06-10 14:22:39,638 - INFO - Backup de memoria completado
2025-06-10 14:22:39,638 - INFO - ✅ CICLO DE AUTOMATIZACIÓN COMPLETADO
2025-06-10 14:23:09,644 - INFO - 🤖 INICIANDO CICLO DE AUTOMATIZACIÓN
2025-06-10 14:23:09,659 - INFO - Encontrados 0 archivos nuevos
2025-06-10 14:23:10,612 - INFO - Dashboard actualizado exitosamente
2025-06-10 14:23:10,737 - INFO - Backup de memoria completado
2025-06-10 14:23:10,737 - INFO - ✅ CICLO DE AUTOMATIZACIÓN COMPLETADO
2025-06-10 14:23:40,743 - INFO - 🤖 INICIANDO CICLO DE AUTOMATIZACIÓN
2025-06-10 14:23:40,756 - INFO - Encontrados 13 archivos nuevos
2025-06-10 14:23:40,756 - INFO - Procesando 13 archivos nuevos
2025-06-10 14:23:41,235 - INFO - Procesamiento completado exitosamente
2025-06-10 14:23:41,715 - INFO - Dashboard actualizado exitosamente
2025-06-10 14:23:41,830 - INFO - Backup de memoria completado
2025-06-10 14:23:41,830 - INFO - ✅ CICLO DE AUTOMATIZACIÓN COMPLETADO
2025-06-10 14:24:11,832 - INFO - 🤖 INICIANDO CICLO DE AUTOMATIZACIÓN
2025-06-10 14:24:11,845 - INFO - Encontrados 0 archivos nuevos
2025-06-10 14:24:12,315 - INFO - Dashboard actualizado exitosamente
2025-06-10 14:24:12,424 - INFO - Backup de memoria completado
2025-06-10 14:24:12,424 - INFO - ✅ CICLO DE AUTOMATIZACIÓN COMPLETADO
2025-06-10 14:24:42,425 - INFO - 🤖 INICIANDO CICLO DE AUTOMATIZACIÓN
2025-06-10 14:24:42,438 - INFO - Encontrados 0 archivos nuevos
2025-06-10 14:24:42,948 - INFO - Dashboard actualizado exitosamente
2025-06-10 14:24:43,074 - INFO - Backup de memoria completado
2025-06-10 14:24:43,074 - INFO - ✅ CICLO DE AUTOMATIZACIÓN COMPLETADO
2025-06-10 14:25:13,077 - INFO - 🤖 INICIANDO CICLO DE AUTOMATIZACIÓN
2025-06-10 14:25:13,089 - INFO - Encontrados 0 archivos nuevos
2025-06-10 14:25:13,587 - INFO - Dashboard actualizado exitosamente
2025-06-10 14:25:13,706 - INFO - Backup de memoria completado
2025-06-10 14:25:13,706 - INFO - ✅ CICLO DE AUTOMATIZACIÓN COMPLETADO
2025-06-10 14:25:43,710 - INFO - 🤖 INICIANDO CICLO DE AUTOMATIZACIÓN
2025-06-10 14:25:43,722 - INFO - Encontrados 0 archivos nuevos
2025-06-10 14:25:44,236 - INFO - Dashboard actualizado exitosamente
2025-06-10 14:25:44,346 - INFO - Backup de memoria completado
2025-06-10 14:25:44,346 - INFO - ✅ CICLO DE AUTOMATIZACIÓN COMPLETADO
2025-06-10 14:26:14,350 - INFO - 🤖 INICIANDO CICLO DE AUTOMATIZACIÓN
2025-06-10 14:26:14,364 - INFO - Encontrados 0 archivos nuevos
2025-06-10 14:26:15,260 - INFO - Dashboard actualizado exitosamente
2025-06-10 14:26:15,400 - INFO - Backup de memoria completado
2025-06-10 14:26:15,400 - INFO - ✅ CICLO DE AUTOMATIZACIÓN COMPLETADO
2025-06-10 14:26:45,404 - INFO - 🤖 INICIANDO CICLO DE AUTOMATIZACIÓN
2025-06-10 14:26:45,417 - INFO - Encontrados 0 archivos nuevos
2025-06-10 14:26:46,262 - INFO - Dashboard actualizado exitosamente
2025-06-10 14:26:46,409 - INFO - Backup de memoria completado
2025-06-10 14:26:46,409 - INFO - ✅ CICLO DE AUTOMATIZACIÓN COMPLETADO
2025-06-10 16:00:00,585 - INFO - 🚀 SISTEMA DE AUTOMATIZACIÓN 7x/DÍA INICIADO
2025-06-10 16:00:00,586 - INFO - Horarios programados: ['07:00', '10:00', '13:00', '16:00', '19:00', '22:00', '01:00']
2025-06-10 16:00:00,586 - INFO - 🤖 INICIANDO CICLO DE AUTOMATIZACIÓN
2025-06-10 16:00:00,612 - INFO - Encontrados 146 archivos nuevos
2025-06-10 16:00:00,612 - INFO - Procesando 146 archivos nuevos
2025-06-10 16:00:02,137 - INFO - Procesamiento completado exitosamente
2025-06-10 16:00:02,871 - INFO - Dashboard actualizado exitosamente
2025-06-10 16:00:03,006 - INFO - Backup de memoria completado
2025-06-10 16:00:03,007 - INFO - ✅ CICLO DE AUTOMATIZACIÓN COMPLETADO
2025-06-10 19:00:01,060 - INFO - 🚀 SISTEMA DE AUTOMATIZACIÓN 7x/DÍA INICIADO
2025-06-10 19:00:01,062 - INFO - Horarios programados: ['07:00', '10:00', '13:00', '16:00', '19:00', '22:00', '01:00']
2025-06-10 19:00:01,062 - INFO - 🤖 INICIANDO CICLO DE AUTOMATIZACIÓN
2025-06-10 19:00:01,096 - INFO - Encontrados 146 archivos nuevos
2025-06-10 19:00:01,096 - INFO - Procesando 146 archivos nuevos
2025-06-10 19:00:02,751 - INFO - Procesamiento completado exitosamente
2025-06-10 19:00:03,455 - INFO - Dashboard actualizado exitosamente
2025-06-10 19:00:03,598 - INFO - Backup de memoria completado
2025-06-10 19:00:03,598 - INFO - ✅ CICLO DE AUTOMATIZACIÓN COMPLETADO
2025-06-10 22:00:00,858 - INFO - 🚀 SISTEMA DE AUTOMATIZACIÓN 7x/DÍA INICIADO
2025-06-10 22:00:00,858 - INFO - Horarios programados: ['07:00', '10:00', '13:00', '16:00', '19:00', '22:00', '01:00']
2025-06-10 22:00:00,858 - INFO - 🤖 INICIANDO CICLO DE AUTOMATIZACIÓN
2025-06-10 22:00:00,907 - INFO - Encontrados 146 archivos nuevos
2025-06-10 22:00:00,907 - INFO - Procesando 146 archivos nuevos
2025-06-10 22:00:03,798 - INFO - Procesamiento completado exitosamente
2025-06-10 22:00:05,385 - INFO - Dashboard actualizado exitosamente
2025-06-10 22:00:05,592 - INFO - Backup de memoria completado
2025-06-10 22:00:05,592 - INFO - ✅ CICLO DE AUTOMATIZACIÓN COMPLETADO
