2025-06-19 01:00:00,765 - INFO - 🚀 SISTEMA DE AUTOMATIZACIÓN 7x/DÍA INICIADO
2025-06-19 01:00:00,765 - INFO - Horarios programados: ['07:00', '10:00', '13:00', '16:00', '19:00', '22:00', '01:00']
2025-06-19 01:00:00,766 - INFO - 🤖 INICIANDO CICLO DE AUTOMATIZACIÓN
2025-06-19 01:00:00,829 - INFO - Encontrados 0 archivos nuevos
2025-06-19 01:00:04,318 - INFO - Dashboard actualizado exitosamente
2025-06-19 01:00:04,321 - ERROR - Excepción durante backup: [Errno 2] No such file or directory: '/Users/apple/hotel_dashboard_raci/auto_backup.sh'
2025-06-19 01:00:04,321 - WARNING - Error en backup automático
2025-06-19 01:00:04,321 - INFO - ✅ CICLO DE AUTOMATIZACIÓN COMPLETADO
2025-06-19 07:00:01,588 - INFO - 🚀 SISTEMA DE AUTOMATIZACIÓN 7x/DÍA INICIADO
2025-06-19 07:00:01,589 - INFO - Horarios programados: ['07:00', '10:00', '13:00', '16:00', '19:00', '22:00', '01:00']
2025-06-19 07:00:01,589 - INFO - 🤖 INICIANDO CICLO DE AUTOMATIZACIÓN
2025-06-19 07:00:01,692 - INFO - Encontrados 0 archivos nuevos
2025-06-19 07:00:05,567 - INFO - Dashboard actualizado exitosamente
2025-06-19 07:00:05,572 - ERROR - Excepción durante backup: [Errno 2] No such file or directory: '/Users/apple/hotel_dashboard_raci/auto_backup.sh'
2025-06-19 07:00:05,573 - WARNING - Error en backup automático
2025-06-19 07:00:05,573 - INFO - ✅ CICLO DE AUTOMATIZACIÓN COMPLETADO
2025-06-19 10:00:01,245 - INFO - 🚀 SISTEMA DE AUTOMATIZACIÓN 7x/DÍA INICIADO
2025-06-19 10:00:01,246 - INFO - Horarios programados: ['07:00', '10:00', '13:00', '16:00', '19:00', '22:00', '01:00']
2025-06-19 10:00:01,246 - INFO - 🤖 INICIANDO CICLO DE AUTOMATIZACIÓN
2025-06-19 10:00:01,291 - INFO - Encontrados 0 archivos nuevos
2025-06-19 10:00:05,403 - INFO - Dashboard actualizado exitosamente
2025-06-19 10:00:05,406 - ERROR - Excepción durante backup: [Errno 2] No such file or directory: '/Users/apple/hotel_dashboard_raci/auto_backup.sh'
2025-06-19 10:00:05,407 - WARNING - Error en backup automático
2025-06-19 10:00:05,407 - INFO - ✅ CICLO DE AUTOMATIZACIÓN COMPLETADO
